  -20.0000000000000       0.333330651802847     
  -19.9799995422363       0.333330597631530     
  -19.9599990844727       0.333330542365873     
  -19.9400005340576       0.333330485989199     
  -19.9200000762939       0.333330428468203     
  -19.8999996185303       0.333330369785200     
  -19.8799991607666       0.333330309916716     
  -19.8600006103516       0.333330248844685     
  -19.8400001525879       0.333330186533029     
  -19.8199996948242       0.333330122962588     
  -19.7999992370605       0.333330058107935     
  -19.7800006866455       0.333329991949500     
  -19.7600002288818       0.333329924448199     
  -19.7399997711182       0.333329855583278     
  -19.7199993133545       0.333329785327190     
  -19.7000007629395       0.333329713658737     
  -19.6800003051758       0.333329640535579     
  -19.6599998474121       0.333329565935235     
  -19.6399993896484       0.333329489827863     
  -19.6200008392334       0.333329412190499     
  -19.6000003814697       0.333329332977279     
  -19.5799999237061       0.333329252163847     
  -19.5599994659424       0.333329169717879     
  -19.5400009155273       0.333329085614496     
  -19.5200004577637       0.333328999804016     
  -19.5000000000000       0.333328912260054     
  -19.4799995422363       0.333328822947593     
  -19.4599990844727       0.333328731830909     
  -19.4400005340576       0.333328638882508     
  -19.4200000762939       0.333328544047480     
  -19.3999996185303       0.333328447296670     
  -19.3799991607666       0.333328348591376     
  -19.3600006103516       0.333328247901817     
  -19.3400001525879       0.333328145168510     
  -19.3199996948242       0.333328040359869     
  -19.2999992370605       0.333327933433973     
  -19.2800006866455       0.333327824358558     
  -19.2600002288818       0.333327713069189     
  -19.2399997711182       0.333327599531650     
  -19.2199993133545       0.333327483700528     
  -19.2000007629395       0.333327365540873     
  -19.1800003051758       0.333327244982884     
  -19.1599998474121       0.333327121989494     
  -19.1399993896484       0.333326996511510     
  -19.1200008392334       0.333326868511072     
  -19.1000003814697       0.333326737912564     
  -19.0799999237061       0.333326604675835     
  -19.0599994659424       0.333326468747595     
  -19.0400009155273       0.333326330086829     
  -19.0200004577637       0.333326188611627     
  -19.0000000000000       0.333326044278494     
  -18.9799995422363       0.333325897029700     
  -18.9599990844727       0.333325746806348     
  -18.9400005340576       0.333325593563115     
  -18.9200000762939       0.333325437209474     
  -18.8999996185303       0.333325277697358     
  -18.8799991607666       0.333325114962967     
  -18.8600006103516       0.333324948957202     
  -18.8400001525879       0.333324779582000     
  -18.8199996948242       0.333324606785290     
  -18.7999992370605       0.333324430497959     
  -18.7800006866455       0.333324250666820     
  -18.7600002288818       0.333324067185645     
  -18.7399997711182       0.333323879998026     
  -18.7199993133545       0.333323689029096     
  -18.7000007629395       0.333323494221240     
  -18.6800003051758       0.333323295459381     
  -18.6599998474121       0.333323092682418     
  -18.6399993896484       0.333322885809249     
  -18.6200008392334       0.333322674777461     
  -18.6000003814697       0.333322459462396     
  -18.5799999237061       0.333322239797864     
  -18.5599994659424       0.333322015696011     
  -18.5400009155273       0.333321787089227     
  -18.5200004577637       0.333321553842475     
  -18.5000000000000       0.333321315884053     
  -18.4799995422363       0.333321073118791     
  -18.4599990844727       0.333320825449596     
  -18.4400005340576       0.333320572801753     
  -18.4200000762939       0.333320315026024     
  -18.3999996185303       0.333320052043171     
  -18.3799991607666       0.333319783748016     
  -18.3600006103516       0.333319510059624     
  -18.3400001525879       0.333319230816331     
  -18.3199996948242       0.333318945932300     
  -18.2999992370605       0.333318655293599     
  -18.2800006866455       0.333318358812554     
  -18.2600002288818       0.333318056314039     
  -18.2399997711182       0.333317747705073     
  -18.2199993133545       0.333317432862238     
  -18.2000007629395       0.333317111690560     
  -18.1800003051758       0.333316784000333     
  -18.1599998474121       0.333316449690835     
  -18.1399993896484       0.333316108628372     
  -18.1200008392334       0.333315760710066     
  -18.1000003814697       0.333315405730415     
  -18.0799999237061       0.333315043580311     
  -18.0599994659424       0.333314674114933     
  -18.0400009155273       0.333314297222837     
  -18.0200004577637       0.333313912681412     
  -18.0000000000000       0.333313520372469     
  -17.9799995422363       0.333313120139128     
  -17.9599990844727       0.333312711821341     
  -17.9400005340576       0.333312295295952     
  -17.9200000762939       0.333311870316946     
  -17.8999996185303       0.333311436753713     
  -17.8800010681152       0.333310994475487     
  -17.8600006103516       0.333310543221046     
  -17.8400001525879       0.333310082851709     
  -17.8199996948242       0.333309613183389     
  -17.7999992370605       0.333309134028285     
  -17.7800006866455       0.333308645241888     
  -17.7600002288818       0.333308146535514     
  -17.7399997711182       0.333307637755907     
  -17.7199993133545       0.333307118699634     
  -17.7000007629395       0.333306589210159     
  -17.6800003051758       0.333306048974767     
  -17.6599998474121       0.333305497827448     
  -17.6399993896484       0.333304935547835     
  -17.6200008392334       0.333304361966368     
  -17.6000003814697       0.333303776744299     
  -17.5799999237061       0.333303179701804     
  -17.5599994659424       0.333302570600177     
  -17.5400009155273       0.333301949255745     
  -17.5200004577637       0.333301315301565     
  -17.5000000000000       0.333300668542850     
  -17.4799995422363       0.333300008721028     
  -17.4599990844727       0.333299335572304     
  -17.4400005340576       0.333298648893710     
  -17.4200000762939       0.333297948279735     
  -17.3999996185303       0.333297233515128     
  -17.3800010681152       0.333296504384380     
  -17.3600006103516       0.333295760456924     
  -17.3400001525879       0.333295001504211     
  -17.3199996948242       0.333294227222844     
  -17.2999992370605       0.333293437303301     
  -17.2800006866455       0.333292631507438     
  -17.2600002288818       0.333291809359434     
  -17.2399997711182       0.333290970606735     
  -17.2199993133545       0.333290114914066     
  -17.2000007629395       0.333289242023473     
  -17.1800003051758       0.333288351419539     
  -17.1599998474121       0.333287442828700     
  -17.1399993896484       0.333286515887791     
  -17.1200008392334       0.333285570317400     
  -17.1000003814697       0.333284605559220     
  -17.0799999237061       0.333283621316939     
  -17.0599994659424       0.333282617197174     
  -17.0400009155273       0.333281592897283     
  -17.0200004577637       0.333280547812500     
  -17.0000000000000       0.333279481621870     
  -16.9799995422363       0.333278393899293     
  -16.9599990844727       0.333277284210070     
  -16.9400005340576       0.333276152219781     
  -16.9200000762939       0.333274997260121     
  -16.8999996185303       0.333273818976439     
  -16.8800010681152       0.333272617013669     
  -16.8600006103516       0.333271390662228     
  -16.8400001525879       0.333270139545572     
  -16.8199996948242       0.333268863163779     
  -16.7999992370605       0.333267561006842     
  -16.7800006866455       0.333266232682427     
  -16.7600002288818       0.333264877406413     
  -16.7399997711182       0.333263494762733     
  -16.7199993133545       0.333262084198975     
  -16.7000007629395       0.333260645290196     
  -16.6800003051758       0.333259177187053     
  -16.6599998474121       0.333257679438904     
  -16.6399993896484       0.333256151447409     
  -16.6200008392334       0.333254592752314     
  -16.6000003814697       0.333253002433638     
  -16.5799999237061       0.333251380003292     
  -16.5599994659424       0.333249724813200     
  -16.5400009155273       0.333248036364871     
  -16.5200004577637       0.333246313661818     
  -16.5000000000000       0.333244556175404     
  -16.4799995422363       0.333242763203692     
  -16.4599990844727       0.333240934030593     
  -16.4400005340576       0.333239068105331     
  -16.4200000762939       0.333237164326797     
  -16.3999996185303       0.333235222110912     
  -16.3800010681152       0.333233240872940     
  -16.3600006103516       0.333231219443807     
  -16.3400001525879       0.333229157203425     
  -16.3199996948242       0.333227053328364     
  -16.2999992370605       0.333224906978601     
  -16.2800006866455       0.333222717508102     
  -16.2600002288818       0.333220483625080     
  -16.2399997711182       0.333218204644450     
  -16.2199993133545       0.333215879656416     
  -16.2000007629395       0.333213507961324     
  -16.1800003051758       0.333211088160033     
  -16.1599998474121       0.333208619510601     
  -16.1399993896484       0.333206101027683     
  -16.1200008392334       0.333203531953572     
  -16.1000003814697       0.333200910772869     
  -16.0799999237061       0.333198236682076     
  -16.0599994659424       0.333195508614049     
  -16.0400009155273       0.333192725748226     
  -16.0200004577637       0.333189886443318     
  -16.0000000000000       0.333186989829186     
  -15.9799995422363       0.333184034750115     
  -15.9600000381470       0.333181020172313     
  -15.9400005340576       0.333177944753740     
  -15.9200000762939       0.333174807116543     
  -15.8999996185303       0.333171606154302     
  -15.8800001144409       0.333168340747493     
  -15.8600006103516       0.333165009442704     
  -15.8400001525879       0.333161610747746     
  -15.8199996948242       0.333158143464465     
  -15.8000001907349       0.333154606380523     
  -15.7800006866455       0.333150997921930     
  -15.7600002288818       0.333147316472714     
  -15.7399997711182       0.333143560735416     
  -15.7200002670288       0.333139729397229     
  -15.7000007629395       0.333135820753627     
  -15.6800003051758       0.333131833054630     
  -15.6599998474121       0.333127764895284     
  -15.6399993896484       0.333123614654159     
  -15.6199998855591       0.333119380881138     
  -15.6000003814697       0.333115061693268     
  -15.5799999237061       0.333110655157400     
  -15.5599994659424       0.333106159721680     
  -15.5399999618530       0.333101573815940     
  -15.5200004577637       0.333096895401198     
  -15.5000000000000       0.333092122384129     
  -15.4799995422363       0.333087253084450     
  -15.4600000381470       0.333082285802058     
  -15.4400005340576       0.333077218329090     
  -15.4200000762939       0.333072048398849     
  -15.3999996185303       0.333066774192060     
  -15.3800001144409       0.333061393868021     
  -15.3600006103516       0.333055905036074     
  -15.3400001525879       0.333050305241884     
  -15.3199996948242       0.333044592515776     
  -15.3000001907349       0.333038764864905     
  -15.2800006866455       0.333032819700789     
  -15.2600002288818       0.333026754366019     
  -15.2399997711182       0.333020566728192     
  -15.2200002670288       0.333014254629848     
  -15.2000007629395       0.333007815268426     
  -15.1800003051758       0.333001245766769     
  -15.1599998474121       0.332994543816411     
  -15.1400003433228       0.332987707081808     
  -15.1199998855591       0.332980732192842     
  -15.1000003814697       0.332973617042301     
  -15.0799999237061       0.332966358123539     
  -15.0599994659424       0.332958952887642     
  -15.0399999618530       0.332951398755850     
  -15.0200004577637       0.332943692377518     
  -15.0000000000000       0.332935830312892     
  -14.9799995422363       0.332927809802977     
  -14.9600000381470       0.332919628056531     
  -14.9400005340576       0.332911281446375     
  -14.9200000762939       0.332902766248911     
  -14.8999996185303       0.332894079477952     
  -14.8800001144409       0.332885218112468     
  -14.8600006103516       0.332876178226151     
  -14.8400001525879       0.332866955788382     
  -14.8199996948242       0.332857547567300     
  -14.8000001907349       0.332847950293416     
  -14.7800006866455       0.332838159716896     
  -14.7600002288818       0.332828171475057     
  -14.7399997711182       0.332817982070434     
  -14.7200002670288       0.332807587964927     
  -14.7000007629395       0.332796984558830     
  -14.6800003051758       0.332786167130372     
  -14.6599998474121       0.332775131894972     
  -14.6400003433228       0.332763875024189     
  -14.6199998855591       0.332752390986945     
  -14.6000003814697       0.332740676332399     
  -14.5799999237061       0.332728725306475     
  -14.5599994659424       0.332716533732877     
  -14.5399999618530       0.332704097387064     
  -14.5200004577637       0.332691410774713     
  -14.5000000000000       0.332678468255912     
  -14.4799995422363       0.332665265312516     
  -14.4600000381470       0.332651797374330     
  -14.4400005340576       0.332638058496278     
  -14.4200000762939       0.332624042575867     
  -14.3999996185303       0.332609744725656     
  -14.3800001144409       0.332595160002082     
  -14.3600006103516       0.332580281972949     
  -14.3400001525879       0.332565104035889     
  -14.3199996948242       0.332549620904619     
  -14.3000001907349       0.332533827232355     
  -14.2800006866455       0.332517716060595     
  -14.2600002288818       0.332501280246907     
  -14.2399997711182       0.332484514074357     
  -14.2200002670288       0.332467411760827     
  -14.2000007629395       0.332449965779291     
  -14.1800003051758       0.332432168403964     
  -14.1599998474121       0.332414013453047     
  -14.1400003433228       0.332395494674548     
  -14.1200008392334       0.332376603927460     
  -14.1000003814697       0.332357332856040     
  -14.0799999237061       0.332337674776847     
  -14.0599994659424       0.332317621965180     
  -14.0399999618530       0.332297167529165     
  -14.0200004577637       0.332276302491105     
  -14.0000000000000       0.332255017636841     
  -13.9799995422363       0.332233305599982     
  -13.9600000381470       0.332211158931357     
  -13.9400005340576       0.332188567924010     
  -13.9200000762939       0.332165522615635     
  -13.8999996185303       0.332142015045198     
  -13.8800001144409       0.332118037162680     
  -13.8600006103516       0.332093578474288     
  -13.8400001525879       0.332068628210565     
  -13.8199996948242       0.332043177769541     
  -13.8000001907349       0.332017218453657     
  -13.7800006866455       0.331990738920454     
  -13.7600002288818       0.331963727529965     
  -13.7399997711182       0.331936174989685     
  -13.7200002670288       0.331908071904502     
  -13.7000007629395       0.331879406016944     
  -13.6800003051758       0.331850164748552     
  -13.6599998474121       0.331820338063203     
  -13.6400003433228       0.331789915814716     
  -13.6200008392334       0.331758884759469     
  -13.6000003814697       0.331727231307635     
  -13.5799999237061       0.331694944622711     
  -13.5599994659424       0.331662012164359     
  -13.5399999618530       0.331628422766689     
  -13.5200004577637       0.331594161845589     
  -13.5000000000000       0.331559214436633     
  -13.4799995422363       0.331523568617135     
  -13.4600000381470       0.331487212336012     
  -13.4400005340576       0.331450129843982     
  -13.4200000762939       0.331412304981939     
  -13.3999996185303       0.331373724884759     
  -13.3800001144409       0.331334376550053     
  -13.3600006103516       0.331294242974747     
  -13.3400001525879       0.331253306714333     
  -13.3199996948242       0.331211553891346     
  -13.3000001907349       0.331168970481753     
  -13.2800006866455       0.331125538134094     
  -13.2600002288818       0.331081238021666     
  -13.2399997711182       0.331036055180371     
  -13.2200002670288       0.330989974489829     
  -13.2000007629395       0.330942976149373     
  -13.1800003051758       0.330895039846963     
  -13.1599998474121       0.330846149453072     
  -13.1400003433228       0.330796288671778     
  -13.1200008392334       0.330745436145910     
  -13.1000003814697       0.330693569968363     
  -13.0799999237061       0.330640672760767     
  -13.0599994659424       0.330586724370105     
  -13.0399999618530       0.330531706912680     
  -13.0200004577637       0.330475596924561     
  -13.0000000000000       0.330418370340094     
  -12.9799995422363       0.330360008095429     
  -12.9600000381470       0.330300490936329     
  -12.9400005340576       0.330239793576142     
  -12.9200000762939       0.330177890082064     
  -12.8999996185303       0.330114759936597     
  -12.8800001144409       0.330050382420776     
  -12.8600006103516       0.329984730295491     
  -12.8400001525879       0.329917775628300     
  -12.8199996948242       0.329849496349446     
  -12.8000001907349       0.329779870176480     
  -12.7800006866455       0.329708867780934     
  -12.7600002288818       0.329636459090983     
  -12.7399997711182       0.329562620381472     
  -12.7200002670288       0.329487327703292     
  -12.7000007629395       0.329410549494525     
  -12.6800003051758       0.329332253396973     
  -12.6599998474121       0.329252413922609     
  -12.6400003433228       0.329171005348309     
  -12.6200008392334       0.329087993727486     
  -12.6000003814697       0.329003344261421     
  -12.5799999237061       0.328917029587725     
  -12.5599994659424       0.328829017860447     
  -12.5399999618530       0.328739280982136     
  -12.5200004577637       0.328647781802157     
  -12.5000000000000       0.328554482243759     
  -12.4799995422363       0.328459352439405     
  -12.4600000381470       0.328362362262728     
  -12.4400005340576       0.328263471813264     
  -12.4200000762939       0.328162640201947     
  -12.3999996185303       0.328059835423824     
  -12.3800001144409       0.327955025205706     
  -12.3600006103516       0.327848166724830     
  -12.3400001525879       0.327739216104480     
  -12.3199996948242       0.327628139081535     
  -12.3000001907349       0.327514901116355     
  -12.2800006866455       0.327399456286022     
  -12.2600002288818       0.327281757545577     
  -12.2399997711182       0.327161768251949     
  -12.2200002670288       0.327039451478761     
  -12.2000007629395       0.326914758020604     
  -12.1800003051758       0.326787637479375     
  -12.1599998474121       0.326658050710485     
  -12.1400003433228       0.326525958281204     
  -12.1200008392334       0.326391307517968     
  -12.1000003814697       0.326254044481533     
  -12.0799999237061       0.326114127405988     
  -12.0599994659424       0.325971507369170     
  -12.0399999618530       0.325826141640808     
  -12.0200004577637       0.325677972948320     
  -12.0000000000000       0.325526942659461     
  -11.9800004959106       0.325373012979105     
  -11.9600000381470       0.325216116181961     
  -11.9400005340576       0.325056213336202     
  -11.9200000762939       0.324893234432418     
  -11.9000005722046       0.324727139386468     
  -11.8800001144409       0.324557855848194     
  -11.8600006103516       0.324385342567096     
  -11.8400001525879       0.324209524795963     
  -11.8200006484985       0.324030360105668     
  -11.8000001907349       0.323847771296162     
  -11.7799997329712       0.323661705793454     
  -11.7600002288818       0.323472110757469     
  -11.7399997711182       0.323278905205921     
  -11.7200002670288       0.323082043723069     
  -11.6999998092651       0.322881442737982     
  -11.6800003051758       0.322677055630626     
  -11.6599998474121       0.322468796189175     
  -11.6400003433228       0.322256616587978     
  -11.6199998855591       0.322040427923648     
  -11.6000003814697       0.321820181166786     
  -11.5799999237061       0.321595784673645     
  -11.5600004196167       0.321367188216467     
  -11.5399999618530       0.321134297364519     
  -11.5200004577637       0.320897060700932     
  -11.5000000000000       0.320655380963876     
  -11.4800004959106       0.320409205560825     
  -11.4600000381470       0.320158434357617     
  -11.4400005340576       0.319903013604114     
  -11.4200000762939       0.319642840255830     
  -11.4000005722046       0.319377859428055     
  -11.3800001144409       0.319107965131643     
  -11.3600006103516       0.318833101375765     
  -11.3400001525879       0.318553159196357     
  -11.3200006484985       0.318268081530783     
  -11.3000001907349       0.317977756414336     
  -11.2799997329712       0.317682111527879     
  -11.2600002288818       0.317381074561331     
  -11.2399997711182       0.317074529011867     
  -11.2200002670288       0.316762415330093     
  -11.1999998092651       0.316444613971284     
  -11.1800003051758       0.316121064487313     
  -11.1599998474121       0.315791644285643     
  -11.1400003433228       0.315456292086109     
  -11.1199998855591       0.315114882249325     
  -11.1000003814697       0.314767352738438     
  -11.0799999237061       0.314413574875653     
  -11.0600004196167       0.314053485951999     
  -11.0399999618530       0.313686954267795     
  -11.0200004577637       0.313313916536330     
  -11.0000000000000       0.312934238061272     
  -10.9800004959106       0.312547855082948     
  -10.9600000381470       0.312154629942974     
  -10.9400005340576       0.311754498524506     
  -10.9200000762939       0.311347320251734     
  -10.9000005722046       0.310933030778060     
  -10.8800001144409       0.310511486665579     
  -10.8600006103516       0.310082623477600     
  -10.8400001525879       0.309646294980859     
  -10.8200006484985       0.309202436801086     
  -10.8000001907349       0.308750899988493     
  -10.7799997329712       0.308291598309690     
  -10.7600002288818       0.307824446452607     
  -10.7399997711182       0.307349291568640     
  -10.7200002670288       0.306866070196766     
  -10.6999998092651       0.306374627026463     
  -10.6800003051758       0.305874899302992     
  -10.6599998474121       0.305366729380586     
  -10.6400003433228       0.304850055428594     
  -10.6199998855591       0.304324717607874     
  -10.6000003814697       0.303790655245709     
  -10.5799999237061       0.303247706467294     
  -10.5600004196167       0.302695812008210     
  -10.5399999618530       0.302134808132169     
  -10.5200004577637       0.301564637250373     
  -10.5000000000000       0.300985133956262     
  -10.4800004959106       0.300396242621319     
  -10.4600000381470       0.299797796377486     
  -10.4400005340576       0.299189741858839     
  -10.4200000762939       0.298571910962629     
  -10.4000005722046       0.297944252905723     
  -10.3800001144409       0.297306598595910     
  -10.3600006103516       0.296658900171090     
  -10.3400001525879       0.296000987813566     
  -10.3200006484985       0.295332816938591     
  -10.3000001907349       0.294654217285941     
  -10.2800006866455       0.293965147922566     
  -10.2600002288818       0.293265438447769     
  -10.2399997711182       0.292555017840673     
  -10.2200002670288       0.291833818276394     
  -10.1999998092651       0.291101669751657     
  -10.1800003051758       0.290358542216710     
  -10.1599998474121       0.289604266366256     
  -10.1400003433228       0.288838817250453     
  -10.1199998855591       0.288062026630093     
  -10.1000003814697       0.287273875106323     
  -10.0799999237061       0.286474195892188     
  -10.0600004196167       0.285662975606051     
  -10.0399999618530       0.284840049316764     
  -10.0200004577637       0.284005410140188     
  -10.0000000000000       0.283158895421068     
  -9.98000049591064       0.282300505265820     
  -9.96000003814697       0.281430079730669     
  -9.94000053405762       0.280547626416920     
  -9.92000007629395       0.279652988542104     
  -9.90000057220459       0.278746181716308     
  -9.88000011444092       0.277827052780980     
  -9.86000061035156       0.276895625876504     
  -9.84000015258789       0.275951751941955     
  -9.82000064849854       0.274995464174973     
  -9.80000019073486       0.274026618095156     
  -9.78000068664551       0.273045256487402     
  -9.76000022888184       0.272051239941784     
  -9.73999977111816       0.271044573058124     
  -9.72000026702881       0.270025266899778     
  -9.69999980926514       0.268993190590805     
  -9.68000030517578       0.267948413198586     
  -9.65999984741211       0.266890810157282     
  -9.64000034332275       0.265820461960243     
  -9.61999988555908       0.264737250846216     
  -9.60000038146973       0.263641269242211     
  -9.57999992370605       0.262532406680687     
  -9.56000041961670       0.261410768015756     
  -9.53999996185303       0.260276250554008     
  -9.52000045776367       0.259128972052054     
  -9.50000000000000       0.257968838058823     
  -9.48000049591064       0.256795979686812     
  -9.46000003814697       0.255610311179623     
  -9.44000053405762       0.254411977432936     
  -9.42000007629395       0.253200901817672     
  -9.40000057220459       0.251977243409722     
  -9.38000011444092       0.250740935116397     
  -9.36000061035156       0.249492150556301     
  -9.34000015258789       0.248230832554653     
  -9.32000064849854       0.246957169596471     
  -9.30000019073486       0.245671114774869     
  -9.28000068664551       0.244372871721925     
  -9.26000022888184       0.243062404113097     
  -9.23999977111816       0.241739867612754     
  -9.22000026702881       0.240405426798188     
  -9.19999980926514       0.239059061720755     
  -9.18000030517578       0.237701014788095     
  -9.15999984741211       0.236331277239119     
  -9.14000034332275       0.234950107212299     
  -9.11999988555908       0.233557507294087     
  -9.10000038146973       0.232153751390858     
  -9.07999992370605       0.230738853544539     
  -9.06000041961670       0.229313103402495     
  -9.03999996185303       0.227876526514956     
  -9.02000045776367       0.226429428176458     
  -9.00000000000000       0.224971845440523     
  -8.98000049591064       0.223504099085631     
  -8.96000003814697       0.222026237603399     
  -8.94000053405762       0.220538597021559     
  -8.92000007629395       0.219041237142544     
  -8.90000057220459       0.217534508935621     
  -8.88000011444092       0.216018483323247     
  -8.86000061035156       0.214493525834500     
  -8.84000015258789       0.212959718256636     
  -8.82000064849854       0.211417440222400     
  -8.80000019073486       0.209866784063836     
  -8.78000068664551       0.208308142987009     
  -8.76000022888184       0.206741619484185     
  -8.74000072479248       0.205167619731053     
  -8.72000026702881       0.203586255931812     
  -8.69999980926514       0.201997870654810     
  -8.68000030517578       0.200402813009972     
  -8.65999984741211       0.198801208793262     
  -8.64000034332275       0.197193493497712     
  -8.61999988555908       0.195579801242723     
  -8.60000038146973       0.193960577828605     
  -8.57999992370605       0.192335965042364     
  -8.56000041961670       0.190706418086482     
  -8.53999996185303       0.189072085707425     
  -8.52000045776367       0.187433431548065     
  -8.50000000000000       0.185790610558034     
  -8.48000049591064       0.184144093807234     
  -8.46000003814697       0.182494041648733     
  -8.44000053405762       0.180840931520176     
  -8.42000007629395       0.179184928340117     
  -8.40000057220459       0.177526514814869     
  -8.38000011444092       0.175865859557941     
  -8.36000061035156       0.174203449412048     
  -8.34000015258789       0.172539455788568     
  -8.32000064849854       0.170874368508117     
  -8.30000019073486       0.169208360862640     
  -8.28000068664551       0.167541924473162     
  -8.26000022888184       0.165875233581251     
  -8.24000072479248       0.164208780419343     
  -8.22000026702881       0.162542739240768     
  -8.19999980926514       0.160877522319475     
  -8.18000030517578       0.159213541113562     
  -8.15999984741211       0.157550968137184     
  -8.14000034332275       0.155890291942477     
  -8.11999988555908       0.154231682725241     
  -8.10000038146973       0.152575625506676     
  -8.07999992370605       0.150922287255710     
  -8.06000041961670       0.149272148315672     
  -8.03999996185303       0.147625371543363     
  -8.02000045776367       0.145982431486889     
  -8.00000000000000       0.144343486035125     
  -7.98000049591064       0.142709002859966     
  -7.96000003814697       0.141079134061879     
  -7.94000053405762       0.139454339398317     
  -7.92000007629395       0.137834764401608     
  -7.90000057220459       0.136220859925218     
  -7.88000011444092       0.134612764199330     
  -7.86000061035156       0.133010918237945     
  -7.84000015258789       0.131415452285298     
  -7.82000064849854       0.129826796639331     
  -7.80000019073486       0.128245072928634     
  -7.78000068664551       0.126670699921587     
  -7.76000022888184       0.125103790058861     
  -7.74000072479248       0.123544749832421     
  -7.72000026702881       0.121993681982884     
  -7.69999980926514       0.120450906686448     
  -7.68000030517578       0.118916736619903     
  -7.65999984741211       0.117391259149943     
  -7.64000034332275       0.115874847271532     
  -7.61999988555908       0.114367577646256     
  -7.60000038146973       0.112869808939239     
  -7.57999992370605       0.111381606817690     
  -7.56000041961670       0.109903315196066     
  -7.53999996185303       0.108434988522602     
  -7.52000045776367       0.106976955614559     
  -7.50000000000000       0.105529259540669     
  -7.48000049591064       0.104092213748066     
  -7.46000003814697       0.102665849828341     
  -7.44000053405762       0.101250465657917     
  -7.42000007629395       9.984608131483230E-002
  -7.40000057220459       9.845297897476124E-002
  -7.38000011444092       9.707116722489295E-002
  -7.36000061035156       9.570091247837809E-002
  -7.34000015258789       9.434221191084080E-002
  -7.32000064849854       9.299531617668788E-002
  -7.30000019073486       9.166021117294920E-002
  -7.28000068664551       9.033713186152537E-002
  -7.26000022888184       8.902605304430611E-002
  -7.24000072479248       8.772719411595897E-002
  -7.22000026702881       8.644051901371386E-002
  -7.20000076293945       8.516623174561033E-002
  -7.18000030517578       8.390428565805741E-002
  -7.15999984741211       8.265481032455346E-002
  -7.14000034332275       8.141792665389103E-002
  -7.11999988555908       8.019357270498340E-002
  -7.10000038146973       7.898191513667130E-002
  -7.07999992370605       7.778288226600361E-002
  -7.06000041961670       7.659662637522091E-002
  -7.03999996185303       7.542306643442287E-002
  -7.02000045776367       7.426234072848770E-002
  -7.00000000000000       7.311435930111565E-002
  -6.98000049591064       7.197924685154167E-002
  -6.96000003814697       7.085690493930086E-002
  -6.94000053405762       6.974744511795117E-002
  -6.92000007629395       6.865076092293476E-002
  -6.90000057220459       6.756695122620271E-002
  -6.88000011444092       6.649590201325695E-002
  -6.86000061035156       6.543769995858661E-002
  -6.84000015258789       6.439222398239730E-002
  -6.82000064849854       6.335954906204222E-002
  -6.80000019073486       6.233954754411930E-002
  -6.78000068664551       6.133228322164075E-002
  -6.76000022888184       6.033762236308760E-002
  -6.74000072479248       5.935561809885281E-002
  -6.72000026702881       5.838613111554558E-002
  -6.70000076293945       5.742920440826471E-002
  -6.68000030517578       5.648469357591379E-002
  -6.65999984741211       5.555258785765926E-002
  -6.64000034332275       5.463287070552014E-002
  -6.61999988555908       5.372539100243245E-002
  -6.60000038146973       5.283016872147850E-002
  -6.57999992370605       5.194704886763613E-002
  -6.56000041961670       5.107604312554881E-002
  -6.53999996185303       5.021699309005423E-002
  -6.52000045776367       4.936990267465924E-002
  -6.50000000000000       4.853461051984920E-002
  -6.48000049591064       4.771111327661681E-002
  -6.46000003814697       4.689924707325588E-002
  -6.44000053405762       4.609900179634296E-002
  -6.42000007629395       4.531021148913728E-002
  -6.40000057220459       4.453285975974408E-002
  -6.38000011444092       4.376677897737724E-002
  -6.36000061035156       4.301194694404997E-002
  -6.34000015258789       4.226819474878019E-002
  -6.32000064849854       4.153549484509278E-002
  -6.30000019073486       4.081367741773634E-002
  -6.28000068664551       4.010271001356225E-002
  -6.26000022888184       3.940242227044544E-002
  -6.24000072479248       3.871277725375522E-002
  -6.22000026702881       3.803360439291303E-002
  -6.20000076293945       3.736486267971251E-002
  -6.18000030517578       3.670638165427342E-002
  -6.15999984741211       3.605808595358728E-002
  -6.14000034332275       3.541989754220753E-002
  -6.11999988555908       3.479164668220469E-002
  -6.10000038146973       3.417328384836527E-002
  -6.07999992370605       3.356464012629368E-002
  -6.06000041961670       3.296566320271199E-002
  -6.03999996185303       3.237618523799823E-002
  -6.02000045776367       3.179615145663672E-002
  -6.00000000000000       3.122539532592539E-002
  -5.98000049591064       3.066385991547005E-002
  -5.96000003814697       3.011138021283943E-002
  -5.94000053405762       2.956789742178234E-002
  -5.92000007629395       2.903324824505149E-002
  -5.90000057220459       2.850737229142353E-002
  -5.88000011444092       2.799010815573766E-002
  -5.86000061035156       2.748139410481421E-002
  -5.84000015258789       2.698107078492029E-002
  -5.82000064849854       2.648907535638645E-002
  -5.80000019073486       2.600525065919457E-002
  -5.78000068664551       2.552953296545790E-002
  -5.76000022888184       2.506176743461119E-002
  -5.74000072479248       2.460188965202703E-002
  -5.72000026702881       2.414974720631768E-002
  -5.70000076293945       2.370527518119858E-002
  -5.68000030517578       2.326832368870768E-002
  -5.65999984741211       2.283880717510223E-002
  -5.64000034332275       2.241663926988946E-002
  -5.61999988555908       2.200167401442310E-002
  -5.60000038146973       2.159384594428126E-002
  -5.57999992370605       2.119301179557120E-002
  -5.56000041961670       2.079910612704960E-002
  -5.53999996185303       2.041198841369929E-002
  -5.52000045776367       2.003159335398297E-002
  -5.50000000000000       1.965778319262856E-002
  -5.48000049591064       1.929049287018070E-002
  -5.46000003814697       1.892958741913020E-002
  -5.44000053405762       1.857500211066854E-002
  -5.42000007629395       1.822660477057458E-002
  -5.40000057220459       1.788433107572795E-002
  -5.38000011444092       1.754805163854090E-002
  -5.36000061035156       1.721770260334687E-002
  -5.34000015258789       1.689315735058528E-002
  -5.32000064849854       1.657435254072359E-002
  -5.30000019073486       1.626116429185354E-002
  -5.28000068664551       1.595352981628739E-002
  -5.26000022888184       1.565132792770796E-002
  -5.24000072479248       1.535449641307451E-002
  -5.22000026702881       1.506291672791726E-002
  -5.20000076293945       1.477652724369283E-002
  -5.18000030517578       1.449521199226766E-002
  -5.16000080108643       1.421890992636921E-002
  -5.14000034332275       1.394750757671903E-002
  -5.11999988555908       1.368093186345853E-002
  -5.10000038146973       1.341910951837177E-002
  -5.07999992370605       1.316193064821247E-002
  -5.06000041961670       1.290933555660323E-002
  -5.03999996185303       1.266121660067010E-002
  -5.02000045776367       1.241751454669737E-002
  -5.00000000000000       1.217812387942252E-002
  -4.98000049591064       1.194298576115238E-002
  -4.96000003814697       1.171199666696965E-002
  -4.94000053405762       1.148509807263487E-002
  -4.92000007629395       1.126218829078574E-002
  -4.90000057220459       1.104320901111744E-002
  -4.88000011444092       1.082806021429450E-002
  -4.86000061035156       1.061668368624580E-002
  -4.84000015258789       1.040898088795328E-002
  -4.82000064849854       1.020489356425092E-002
  -4.80000019073486       1.000432444885457E-002
  -4.78000068664551       9.807215086845789E-003
  -4.76000022888184       9.613469255253415E-003
  -4.74000072479248       9.423028117444998E-003
  -4.72000026702881       9.235796240222749E-003
  -4.70000076293945       9.051714197697569E-003
  -4.68000030517578       8.870687066166782E-003
  -4.66000080108643       8.692654594728788E-003
  -4.64000034332275       8.517522059155125E-003
  -4.61999988555908       8.345219966976680E-003
  -4.60000038146973       8.175677898995426E-003
  -4.57999992370605       8.008800775282543E-003
  -4.56000041961670       7.844525037498551E-003
  -4.53999996185303       7.682754876302100E-003
  -4.52000045776367       7.523424813582258E-003
  -4.50000000000000       7.366437866161535E-003
  -4.48000049591064       7.211726229552573E-003
  -4.46000003814697       7.059191252974495E-003
  -4.44000053405762       6.908762348108111E-003
  -4.42000007629395       6.760338647386233E-003
  -4.40000057220459       6.613846264256651E-003
  -4.38000011444092       6.469181502898991E-003
  -4.36000061035156       6.326266600308328E-003
  -4.34000015258789       6.184994350900697E-003
  -4.32000064849854       6.045282465408031E-003
  -4.30000019073486       5.907019468186059E-003
  -4.28000068664551       5.770117813542086E-003
  -4.26000022888184       5.634460906833505E-003
  -4.24000072479248       5.499955125555678E-003
  -4.22000026702881       5.366477807396963E-003
  -4.20000076293945       5.233928331320525E-003
  -4.18000030517578       5.102176906458089E-003
  -4.16000080108643       4.971114877696747E-003
  -4.14000034332275       4.840604138487636E-003
  -4.11999988555908       4.710520641565852E-003
  -4.10000038146973       4.580735219603449E-003
  -4.07999992370605       4.451094751191320E-003
  -4.06000041961670       4.321465087038012E-003
  -4.03999996185303       4.191681161854310E-003
  -4.02000045776367       4.061596052795435E-003
  -4.00000000000000       3.931030984640538E-003
  -3.97999954223633       3.799818238090724E-003
  -3.96000099182129       3.667788491799717E-003
  -3.94000053405762       3.534726035210101E-003
  -3.92000007629395       3.400443725892321E-003
  -3.89999961853027       3.264732117660429E-003
  -3.88000106811523       3.127384557300328E-003
  -3.86000061035156       2.988143957888711E-003
  -3.84000015258789       2.846780646380109E-003
  -3.81999969482422       2.703039389804429E-003
  -3.80000114440918       2.556665704821048E-003
  -3.78000068664551       2.407348919287733E-003
  -3.76000022888184       2.254804993355952E-003
  -3.73999977111816       2.098720008115285E-003
  -3.72000122070312       1.938778436297417E-003
  -3.70000076293945       1.774600694627315E-003
  -3.68000030517578       1.605833489823238E-003
  -3.65999984741211       1.432088012486732E-003
  -3.64000129699707       1.252971090073274E-003
  -3.62000083923340       1.068015010708079E-003
  -3.60000038146973       8.767785451688770E-004
  -3.57999992370605       6.787776787573474E-004
  -3.55999946594238       4.735008492786630E-004
  -3.54000091552734       2.604279880074056E-004
  -3.52000045776367       3.894673281679140E-005
  -3.50000000000000      -1.915275884494250E-004
  -3.47999954223633      -4.316344069801303E-004
  -3.46000099182129      -6.820256566756333E-004
  -3.44000053405762      -9.434644602205333E-004
  -3.42000007629395      -1.216684259230605E-003
  -3.39999961853027      -1.502485716709523E-003
  -3.38000106811523      -1.801686704573924E-003
  -3.36000061035156      -2.115240418588793E-003
  -3.34000015258789      -2.444067140062844E-003
  -3.31999969482422      -2.789170002174934E-003
  -3.30000114440918      -3.151574835802751E-003
  -3.28000068664551      -3.532473371801959E-003
  -3.26000022888184      -3.933019497177059E-003
  -3.23999977111816      -4.354469389756144E-003
  -3.22000122070312      -4.798108212035967E-003
  -3.20000076293945      -5.265425463347295E-003
  -3.18000030517578      -5.757865509470328E-003
  -3.15999984741211      -6.276998949172996E-003
  -3.14000129699707      -6.824432352478982E-003
  -3.12000083923340      -7.402024559477027E-003
  -3.10000038146973      -8.011578649271822E-003
  -3.07999992370605      -8.655053077821440E-003
  -3.05999946594238      -9.334516233865497E-003
  -3.04000091552734      -1.005208169704541E-002
  -3.02000045776367      -1.081019136773242E-002
  -3.00000000000000      -1.161121114886987E-002
  -2.97999954223633      -1.245770696749737E-002
  -2.96000099182129      -1.335229682146044E-002
  -2.94000053405762      -1.429800310140583E-002
  -2.92000007629395      -1.529774771761827E-002
  -2.89999961853027      -1.635469525299327E-002
  -2.88000106811523      -1.747206729422690E-002
  -2.86000061035156      -1.865358136317086E-002
  -2.84000015258789      -1.990281899913382E-002
  -2.81999969482422      -2.122365287836481E-002
  -2.80000114440918      -2.262001322194107E-002
  -2.78000068664551      -2.409643449883037E-002
  -2.76000022888184      -2.565726368094834E-002
  -2.73999977111816      -2.730719175814789E-002
  -2.72000122070312      -2.905095946616421E-002
  -2.70000076293945      -3.089403719825701E-002
  -2.68000030517578      -3.284163319207778E-002
  -2.65999984741211      -3.489935397456911E-002
  -2.64000129699707      -3.707283361007185E-002
  -2.62000083923340      -3.936857699063978E-002
  -2.60000038146973      -4.179271911618887E-002
  -2.57999992370605      -4.435184357172617E-002
  -2.55999946594238      -4.705278055396234E-002
  -2.54000091552734      -4.990232594963750E-002
  -2.52000045776367      -5.290833896222802E-002
  -2.50000000000000      -5.607810705058658E-002
  -2.47999954223633      -5.941941039678300E-002
  -2.46000099182129      -6.293990272980754E-002
  -2.44000053405762      -6.664845867549030E-002
  -2.42000007629395      -7.055314474059460E-002
  -2.39999961853027      -7.466252556533115E-002
  -2.38000106811523      -7.898489191262170E-002
  -2.36000061035156      -8.352990388736004E-002
  -2.34000015258789      -8.830608880637858E-002
  -2.31999969482422      -9.332243467025059E-002
  -2.30000114440918      -9.858743528496328E-002
  -2.28000068664551      -0.104111079157897     
  -2.26000022888184      -0.109901789754362     
  -2.23999977111816      -0.115968356185322     
  -2.22000122070312      -0.122318765402637     
  -2.20000076293945      -0.128962588626487     
  -2.18000030517578      -0.135907280296207     
  -2.15999984741211      -0.143160499552355     
  -2.14000129699707      -0.150728703472228     
  -2.12000083923340      -0.158619982397020     
  -2.10000038146973      -0.166839644276394     
  -2.07999992370605      -0.175392982127806     
  -2.05999946594238      -0.184284476056378     
  -2.04000091552734      -0.193516803466271     
  -2.02000045776367      -0.203094300389102     
  -2.00000000000000      -0.213017585945857     
  -1.97999954223633      -0.223286960709057     
  -1.96000099182129      -0.233900426435257     
  -1.94000053405762      -0.244857685570377     
  -1.92000007629395      -0.256153991374253     
  -1.89999961853027      -0.267784096329834     
  -1.88000106811523      -0.279740042702911     
  -1.86000061035156      -0.292015708680403     
  -1.84000015258789      -0.304599932144298     
  -1.81999969482422      -0.317481022872874     
  -1.80000114440918      -0.330644366645639     
  -1.78000068664551      -0.344077489019452     
  -1.76000022888184      -0.357762553222341     
  -1.73999977111816      -0.371681407879644     
  -1.72000122070312      -0.385813057919591     
  -1.70000076293945      -0.400139165910839     
  -1.68000030517578      -0.414636070000945     
  -1.65999984741211      -0.429280282228712     
  -1.64000129699707      -0.444045878888077     
  -1.62000083923340      -0.458910301957852     
  -1.60000038146973      -0.473846074778435     
  -1.57999992370605      -0.488826605350651     
  -1.55999946594238      -0.503824970488866     
  -1.54000091552734      -0.518812679608829     
  -1.52000045776367      -0.533765586040794     
  -1.50000000000000      -0.548655499613105     
  -1.47999954223633      -0.563456097615084     
  -1.46000099182129      -0.578140282915971     
  -1.44000053405762      -0.592685948636599     
  -1.42000007629395      -0.607067733185098     
  -1.39999961853027      -0.621262783728985     
  -1.38000106811523      -0.635248158585384     
  -1.36000061035156      -0.649006257900905     
  -1.34000015258789      -0.662516914480582     
  -1.31999969482422      -0.675762829442712     
  -1.30000114440918      -0.688727064550542     
  -1.28000068664551      -0.701398001620945     
  -1.26000022888184      -0.713761943619714     
  -1.23999977111816      -0.725808093174560     
  -1.22000122070312      -0.737526188513997     
  -1.20000076293945      -0.748910915278713     
  -1.18000030517578      -0.759955158605474     
  -1.15999984741211      -0.770654452299502     
  -1.14000129699707      -0.781004811129131     
  -1.12000083923340      -0.791006573544536     
  -1.10000038146973      -0.800658398715861     
  -1.07999992370605      -0.809961163381551     
  -1.06000137329102      -0.818916031340820     
  -1.04000091552734      -0.827527744995262     
  -1.02000045776367      -0.835799408866824     
  -1.00000000000000      -0.843735846360570     
 -0.979999542236328      -0.851342638193228     
 -0.960000991821289      -0.858625354305401     
 -0.940000534057617      -0.865592215620342     
 -0.920000076293945      -0.872249845735377     
 -0.899999618530273      -0.878606001963902     
 -0.880001068115234      -0.884668228389712     
 -0.860000610351562      -0.890446073039730     
 -0.840000152587891      -0.895947557984530     
 -0.819999694824219      -0.901181462667301     
 -0.800001144409180      -0.906156218650380     
 -0.780000686645508      -0.910881737536203     
 -0.760000228881836      -0.915366526009389     
 -0.739999771118164      -0.919619573518687     
 -0.720001220703125      -0.923649463290830     
 -0.700000762939453      -0.927465865456890     
 -0.680000305175781      -0.931077214696075     
 -0.659999847412109      -0.934492255586148     
 -0.640001296997070      -0.937719341545210     
 -0.620000839233398      -0.940767645920114     
 -0.600000381469727      -0.943645319595770     
 -0.579999923706055      -0.946360747219137     
 -0.560001373291016      -0.948922006703768     
 -0.540000915527344      -0.951337850067242     
 -0.520000457763672      -0.953616262859161     
 -0.500000000000000      -0.955765484551480     
 -0.479999542236328      -0.957793792456892     
 -0.460000991821289      -0.959709365784730     
 -0.440000534057617      -0.961521053900543     
 -0.420000076293945      -0.963237336954643     
 -0.399999618530273      -0.964867129967261     
 -0.380001068115234      -0.966419522400545     
 -0.360000610351562      -0.967904444616431     
 -0.340000152587891      -0.969331873337753     
 -0.319999694824219      -0.970712534560343     
 -0.300001144409180      -0.972057742688142     
 -0.280000686645508      -0.973380042884672     
 -0.260000228881836      -0.974692592830613     
 -0.239999771118164      -0.976009847075152     
 -0.220001220703125      -0.977347489201329     
 -0.200000762939453      -0.978723159810199     
 -0.180000305175781      -0.980155938314317     
 -0.159999847412109      -0.981667127180205     
 -0.140001296997070      -0.983280281733001     
 -0.120000839233398      -0.985022194284132     
 -0.100000381469727      -0.986922385339936     
 -7.999992370605469E-002 -0.989014176538147     
 -6.000137329101562E-002 -0.991334848168840     
 -4.000091552734375E-002 -0.993927166990411     
 -2.000045776367188E-002 -0.996838782867371     
